<?xml version="1.0" encoding="UTF-8"?>
<!-- Generated by org.testng.reporters.JUnitReportReporter -->
<testsuite hostname="MKOKANE10A" failures="0" tests="3" name="com.prjct.qa.testcases.LoginpageTest" time="33.027" errors="0" timestamp="2024-06-13T10:51:02 IST" skipped="0">
  <testcase classname="com.prjct.qa.testcases.LoginpageTest" name="loginpagetitletest" time="7.935"/>
  <testcase classname="com.prjct.qa.testcases.LoginpageTest" name="crmlogotest" time="9.361"/>
  <testcase classname="com.prjct.qa.testcases.LoginpageTest" name="loginTest" time="15.731"/>
</testsuite> <!-- com.prjct.qa.testcases.LoginpageTest -->
