<?xml version="1.0" encoding="UTF-8"?>
<!-- Generated by org.testng.reporters.JUnitReportReporter -->
<testsuite hostname="MKOKANE10A" failures="0" tests="3" name="com.prjct.qa.testcases.LoginpageTest" time="52.943" errors="0" timestamp="2024-06-12T11:46:11 IST" skipped="0">
  <testcase classname="com.prjct.qa.testcases.LoginpageTest" name="loginpagetitletest" time="11.176"/>
  <testcase classname="com.prjct.qa.testcases.LoginpageTest" name="crmlogotest" time="18.375"/>
  <testcase classname="com.prjct.qa.testcases.LoginpageTest" name="loginTest" time="23.392"/>
</testsuite> <!-- com.prjct.qa.testcases.LoginpageTest -->
