<?xml version="1.0" encoding="UTF-8"?>
<!-- Generated by org.testng.reporters.JUnitReportReporter -->
<testsuite hostname="MKOKANE10A" failures="0" tests="1" name="com.prjct.qa.testcases.HomepageTest" time="20.962" errors="0" timestamp="2024-06-12T11:46:11 IST" skipped="0">
  <testcase classname="com.prjct.qa.testcases.HomepageTest" name="verifytitlepageTest" time="20.962"/>
</testsuite> <!-- com.prjct.qa.testcases.HomepageTest -->
