<?xml version="1.0" encoding="UTF-8"?>
<!-- Generated by org.testng.reporters.JUnitReportReporter -->
<testsuite hostname="MKOKANE10A" failures="0" tests="3" name="com.prjct.qa.testcases.LoginpageTest" time="20.590" errors="0" timestamp="2024-06-11T14:10:19 IST" skipped="0">
  <testcase classname="com.prjct.qa.testcases.LoginpageTest" name="loginpagetitletest" time="4.724"/>
  <testcase classname="com.prjct.qa.testcases.LoginpageTest" name="crmlogotest" time="6.159"/>
  <testcase classname="com.prjct.qa.testcases.LoginpageTest" name="loginTest" time="9.707"/>
</testsuite> <!-- com.prjct.qa.testcases.LoginpageTest -->
