<?xml version="1.0" encoding="UTF-8"?>
<!-- Generated by org.testng.reporters.JUnitReportReporter -->
<testsuite hostname="MKOKANE10A" failures="0" tests="1" name="com.prjct.qa.testcases.HomepageTest" time="14.944" errors="0" timestamp="2024-06-11T14:19:03 IST" skipped="0">
  <testcase classname="com.prjct.qa.testcases.HomepageTest" name="verifytitlepageTest" time="14.944"/>
</testsuite> <!-- com.prjct.qa.testcases.HomepageTest -->
