<?xml version="1.0" encoding="UTF-8"?>
<!-- Generated by org.testng.reporters.JUnitReportReporter -->
<testsuite hostname="MKOKANE10A" failures="0" tests="3" name="com.prjct.qa.testcases.LoginpageTest" time="20.040" errors="0" timestamp="2024-06-11T14:19:03 IST" skipped="0">
  <testcase classname="com.prjct.qa.testcases.LoginpageTest" name="loginpagetitletest" time="4.715"/>
  <testcase classname="com.prjct.qa.testcases.LoginpageTest" name="crmlogotest" time="4.802"/>
  <testcase classname="com.prjct.qa.testcases.LoginpageTest" name="loginTest" time="10.523"/>
</testsuite> <!-- com.prjct.qa.testcases.LoginpageTest -->
